<?xml version="1.0" encoding="UTF-8"?>
<robot generator="Robot 6.1.1 (Python 3.12.1 on win32)" generated="20240201 11:41:59.197" rpa="false" schemaversion="4">
<suite id="s1" name="Pcdiga Tests" source="C:\Users\Kraga\Cursos Prog\RobotFramework\WebTesting\pcdiga_tests.robot">
<test id="s1-t1" name="Test Case 01 - Access menu &quot;Televisores&quot;" line="9">
<kw name="Abrir Browser" library="pcdiga_resources" type="SETUP">
<kw name="Open Browser" library="SeleniumLibrary">
<arg>browser=chrome</arg>
<doc>Opens a new browser instance to the optional ``url``.</doc>
<msg timestamp="20240201 11:41:59.370" level="INFO">Opening browser 'chrome' to base url 'None'.</msg>
<status status="PASS" starttime="20240201 11:41:59.370" endtime="20240201 11:42:00.664"/>
</kw>
<kw name="Maximize Browser Window" library="SeleniumLibrary">
<doc>Maximizes current browser window.</doc>
<status status="PASS" starttime="20240201 11:42:00.664" endtime="20240201 11:42:00.780"/>
</kw>
<status status="PASS" starttime="20240201 11:41:59.370" endtime="20240201 11:42:00.780"/>
</kw>
<kw name="Access home page pcdiga.com" library="pcdiga_resources">
<kw name="Go To" library="SeleniumLibrary">
<arg>url=${URL}</arg>
<doc>Navigates the current browser window to the provided ``url``.</doc>
<msg timestamp="20240201 11:42:00.781" level="INFO">Opening url 'https://www.pcdiga.com/'</msg>
<status status="PASS" starttime="20240201 11:42:00.781" endtime="20240201 11:42:02.812"/>
</kw>
<kw name="Wait Until Element Is Visible" library="SeleniumLibrary">
<arg>locator=${MENU_TV}</arg>
<doc>Waits until the element ``locator`` is visible.</doc>
<status status="PASS" starttime="20240201 11:42:02.812" endtime="20240201 11:42:02.851"/>
</kw>
<status status="PASS" starttime="20240201 11:42:00.780" endtime="20240201 11:42:02.851"/>
</kw>
<kw name="Enter the menu &quot;Televisores&quot;" library="pcdiga_resources">
<kw name="Click Element" library="SeleniumLibrary">
<arg>locator=${MENU_TV}</arg>
<doc>Click the element identified by ``locator``.</doc>
<msg timestamp="20240201 11:42:02.852" level="INFO">Clicking element '//div[@class='flex flex-col gap-2 justify-center group'][contains(.,'Televisores')]'.</msg>
<status status="PASS" starttime="20240201 11:42:02.852" endtime="20240201 11:42:03.264"/>
</kw>
<status status="PASS" starttime="20240201 11:42:02.852" endtime="20240201 11:42:03.264"/>
</kw>
<kw name="Verify if appears phrase &quot;Televisores&quot;" library="pcdiga_resources" sourcename="Verify if appears phrase &quot;${TEXT}&quot;">
<kw name="Wait Until Page Contains" library="SeleniumLibrary">
<arg>text=${TEXT}</arg>
<doc>Waits until ``text`` appears on the current page.</doc>
<status status="PASS" starttime="20240201 11:42:03.265" endtime="20240201 11:42:03.284"/>
</kw>
<kw name="Wait Until Element Is Visible" library="SeleniumLibrary">
<arg>locator=${HEADER_TV}</arg>
<doc>Waits until the element ``locator`` is visible.</doc>
<status status="PASS" starttime="20240201 11:42:03.284" endtime="20240201 11:42:03.956"/>
</kw>
<status status="PASS" starttime="20240201 11:42:03.265" endtime="20240201 11:42:03.956"/>
</kw>
<kw name="Verify if page title is &quot;Televisores | Smart TVs, TVs 4K, TVs Full HD, TVs Led, TVs OLED, TVs QLED e Muito Mais | PCDIGA&quot;" library="pcdiga_resources" sourcename="Verify if page title is &quot;${TITLE}&quot;">
<kw name="Title Should Be" library="SeleniumLibrary">
<arg>title=${TITLE}</arg>
<doc>Verifies that the current page title equals ``title``.</doc>
<msg timestamp="20240201 11:42:03.960" level="INFO">Page title is 'Televisores | Smart TVs, TVs 4K, TVs Full HD, TVs Led, TVs OLED, TVs QLED e Muito Mais | PCDIGA'.</msg>
<status status="PASS" starttime="20240201 11:42:03.957" endtime="20240201 11:42:03.961"/>
</kw>
<status status="PASS" starttime="20240201 11:42:03.956" endtime="20240201 11:42:03.961"/>
</kw>
<kw name="Fechar Browser" library="pcdiga_resources" type="TEARDOWN">
<kw name="Capture Page Screenshot" library="SeleniumLibrary">
<doc>Takes a screenshot of the current page and embeds it into a log file.</doc>
<msg timestamp="20240201 11:42:04.136" level="INFO" html="true">&lt;/td&gt;&lt;/tr&gt;&lt;tr&gt;&lt;td colspan="3"&gt;&lt;a href="selenium-screenshot-1.png"&gt;&lt;img src="selenium-screenshot-1.png" width="800px"&gt;&lt;/a&gt;</msg>
<status status="PASS" starttime="20240201 11:42:03.961" endtime="20240201 11:42:04.136"/>
</kw>
<kw name="Close Browser" library="SeleniumLibrary">
<doc>Closes the current browser.</doc>
<status status="PASS" starttime="20240201 11:42:04.136" endtime="20240201 11:42:06.245"/>
</kw>
<status status="PASS" starttime="20240201 11:42:03.961" endtime="20240201 11:42:06.245"/>
</kw>
<doc>This test verifys clicking the menu Televisores of the site pcdiga.com
If you need more lines of documentation</doc>
<tag>menu</tag>
<status status="PASS" starttime="20240201 11:41:59.369" endtime="20240201 11:42:06.245"/>
</test>
<test id="s1-t2" name="Test Case 02 - Product Search" line="19">
<kw name="Abrir Browser" library="pcdiga_resources" type="SETUP">
<kw name="Open Browser" library="SeleniumLibrary">
<arg>browser=chrome</arg>
<doc>Opens a new browser instance to the optional ``url``.</doc>
<msg timestamp="20240201 11:42:06.246" level="INFO">Opening browser 'chrome' to base url 'None'.</msg>
<status status="PASS" starttime="20240201 11:42:06.246" endtime="20240201 11:42:07.521"/>
</kw>
<kw name="Maximize Browser Window" library="SeleniumLibrary">
<doc>Maximizes current browser window.</doc>
<status status="PASS" starttime="20240201 11:42:07.521" endtime="20240201 11:42:07.638"/>
</kw>
<status status="PASS" starttime="20240201 11:42:06.246" endtime="20240201 11:42:07.638"/>
</kw>
<kw name="Access home page pcdiga.com" library="pcdiga_resources">
<kw name="Go To" library="SeleniumLibrary">
<arg>url=${URL}</arg>
<doc>Navigates the current browser window to the provided ``url``.</doc>
<msg timestamp="20240201 11:42:07.638" level="INFO">Opening url 'https://www.pcdiga.com/'</msg>
<status status="PASS" starttime="20240201 11:42:07.638" endtime="20240201 11:42:09.523"/>
</kw>
<kw name="Wait Until Element Is Visible" library="SeleniumLibrary">
<arg>locator=${MENU_TV}</arg>
<doc>Waits until the element ``locator`` is visible.</doc>
<status status="PASS" starttime="20240201 11:42:09.523" endtime="20240201 11:42:09.651"/>
</kw>
<status status="PASS" starttime="20240201 11:42:07.638" endtime="20240201 11:42:09.651"/>
</kw>
<kw name="Write product name &quot;corsair scimitar&quot;" library="pcdiga_resources" sourcename="Write product name &quot;${PRODUCT_NAME}&quot;">
<kw name="Input Text" library="SeleniumLibrary">
<arg>locator=searchbar</arg>
<arg>text=${PRODUCT_NAME}</arg>
<doc>Types the given ``text`` into the text field identified by ``locator``.</doc>
<msg timestamp="20240201 11:42:09.652" level="INFO">Typing text 'corsair scimitar' into text field 'searchbar'.</msg>
<status status="PASS" starttime="20240201 11:42:09.651" endtime="20240201 11:42:09.933"/>
</kw>
<status status="PASS" starttime="20240201 11:42:09.651" endtime="20240201 11:42:09.933"/>
</kw>
<kw name="Check the search results to see if the searched product is listed &quot;corsair scimitar&quot;" library="pcdiga_resources" sourcename="Check the search results to see if the searched product is listed &quot;${PRODUCT_NAME}&quot;">
<kw name="Wait Until Element Is Visible" library="SeleniumLibrary">
<arg>locator=//h1[contains(.,'Resultados da pesquisa: ${PRODUCT_NAME}')]</arg>
<doc>Waits until the element ``locator`` is visible.</doc>
<status status="PASS" starttime="20240201 11:42:09.933" endtime="20240201 11:42:10.601"/>
</kw>
<status status="PASS" starttime="20240201 11:42:09.933" endtime="20240201 11:42:10.601"/>
</kw>
<kw name="Fechar Browser" library="pcdiga_resources" type="TEARDOWN">
<kw name="Capture Page Screenshot" library="SeleniumLibrary">
<doc>Takes a screenshot of the current page and embeds it into a log file.</doc>
<msg timestamp="20240201 11:42:11.045" level="INFO" html="true">&lt;/td&gt;&lt;/tr&gt;&lt;tr&gt;&lt;td colspan="3"&gt;&lt;a href="selenium-screenshot-2.png"&gt;&lt;img src="selenium-screenshot-2.png" width="800px"&gt;&lt;/a&gt;</msg>
<status status="PASS" starttime="20240201 11:42:10.602" endtime="20240201 11:42:11.045"/>
</kw>
<kw name="Close Browser" library="SeleniumLibrary">
<doc>Closes the current browser.</doc>
<status status="PASS" starttime="20240201 11:42:11.045" endtime="20240201 11:42:13.160"/>
</kw>
<status status="PASS" starttime="20240201 11:42:10.602" endtime="20240201 11:42:13.160"/>
</kw>
<doc>This test verifys the search of a product</doc>
<tag>product_search</tag>
<tag>search_list</tag>
<status status="PASS" starttime="20240201 11:42:06.246" endtime="20240201 11:42:13.160"/>
</test>
<doc>This suite tests the pcdiga.com website</doc>
<status status="PASS" starttime="20240201 11:41:59.199" endtime="20240201 11:42:13.161"/>
</suite>
<statistics>
<total>
<stat pass="2" fail="0" skip="0">All Tests</stat>
</total>
<tag>
<stat pass="1" fail="0" skip="0">menu</stat>
<stat pass="1" fail="0" skip="0">product_search</stat>
<stat pass="1" fail="0" skip="0">search_list</stat>
</tag>
<suite>
<stat pass="2" fail="0" skip="0" id="s1" name="Pcdiga Tests">Pcdiga Tests</stat>
</suite>
</statistics>
<errors>
</errors>
</robot>
