<?xml version="1.0" encoding="UTF-8"?>
<robot generator="Robot 6.1.1 (Python 3.12.1 on win32)" generated="20240208 15:35:58.858" rpa="false" schemaversion="4">
<suite id="s1" name="Assignment6" source="C:\Users\Kraga\Cursos Prog\RobotFramework\Estruturas\assignment6\assignment6.robot">
<test id="s1-t1" name="Test Case 01" line="9">
<kw name="Using FOR with IF">
<kw name="Log To Console" library="BuiltIn">
<arg>${\n}</arg>
<doc>Logs the given message to the console.</doc>
<status status="PASS" starttime="20240208 15:35:58.877" endtime="20240208 15:35:58.877"/>
</kw>
<for flavor="IN">
<var>${NUMBER}</var>
<value>@{NUMBERS_LIST}</value>
<iter>
<var name="${NUMBER}">1</var>
<if>
<branch type="IF" condition="${NUMBER} == 5">
<kw name="Log" library="BuiltIn">
<arg>Im Number 5!</arg>
<doc>Logs the given message with the given level.</doc>
<status status="NOT RUN" starttime="20240208 15:35:58.878" endtime="20240208 15:35:58.878"/>
</kw>
<kw name="Log To Console" library="BuiltIn">
<arg>Im Number 5!</arg>
<doc>Logs the given message to the console.</doc>
<status status="NOT RUN" starttime="20240208 15:35:58.878" endtime="20240208 15:35:58.878"/>
</kw>
<status status="NOT RUN" starttime="20240208 15:35:58.878" endtime="20240208 15:35:58.878"/>
</branch>
<branch type="ELSE IF" condition="${NUMBER} == 10">
<kw name="Log" library="BuiltIn">
<arg>Im Number 10!</arg>
<doc>Logs the given message with the given level.</doc>
<status status="NOT RUN" starttime="20240208 15:35:58.878" endtime="20240208 15:35:58.878"/>
</kw>
<kw name="Log To Console" library="BuiltIn">
<arg>Im Number 10!</arg>
<doc>Logs the given message to the console.</doc>
<status status="NOT RUN" starttime="20240208 15:35:58.878" endtime="20240208 15:35:58.878"/>
</kw>
<status status="NOT RUN" starttime="20240208 15:35:58.878" endtime="20240208 15:35:58.878"/>
</branch>
<branch type="ELSE">
<kw name="Log" library="BuiltIn">
<arg>Im neither 5 nor 10!</arg>
<doc>Logs the given message with the given level.</doc>
<msg timestamp="20240208 15:35:58.878" level="INFO">Im neither 5 nor 10!</msg>
<status status="PASS" starttime="20240208 15:35:58.878" endtime="20240208 15:35:58.878"/>
</kw>
<kw name="Log To Console" library="BuiltIn">
<arg>Im neither 5 or 10!</arg>
<doc>Logs the given message to the console.</doc>
<status status="PASS" starttime="20240208 15:35:58.878" endtime="20240208 15:35:58.878"/>
</kw>
<status status="PASS" starttime="20240208 15:35:58.878" endtime="20240208 15:35:58.878"/>
</branch>
<status status="PASS" starttime="20240208 15:35:58.878" endtime="20240208 15:35:58.878"/>
</if>
<status status="PASS" starttime="20240208 15:35:58.877" endtime="20240208 15:35:58.878"/>
</iter>
<iter>
<var name="${NUMBER}">2</var>
<if>
<branch type="IF" condition="${NUMBER} == 5">
<kw name="Log" library="BuiltIn">
<arg>Im Number 5!</arg>
<doc>Logs the given message with the given level.</doc>
<status status="NOT RUN" starttime="20240208 15:35:58.878" endtime="20240208 15:35:58.879"/>
</kw>
<kw name="Log To Console" library="BuiltIn">
<arg>Im Number 5!</arg>
<doc>Logs the given message to the console.</doc>
<status status="NOT RUN" starttime="20240208 15:35:58.879" endtime="20240208 15:35:58.879"/>
</kw>
<status status="NOT RUN" starttime="20240208 15:35:58.878" endtime="20240208 15:35:58.879"/>
</branch>
<branch type="ELSE IF" condition="${NUMBER} == 10">
<kw name="Log" library="BuiltIn">
<arg>Im Number 10!</arg>
<doc>Logs the given message with the given level.</doc>
<status status="NOT RUN" starttime="20240208 15:35:58.879" endtime="20240208 15:35:58.879"/>
</kw>
<kw name="Log To Console" library="BuiltIn">
<arg>Im Number 10!</arg>
<doc>Logs the given message to the console.</doc>
<status status="NOT RUN" starttime="20240208 15:35:58.879" endtime="20240208 15:35:58.879"/>
</kw>
<status status="NOT RUN" starttime="20240208 15:35:58.879" endtime="20240208 15:35:58.879"/>
</branch>
<branch type="ELSE">
<kw name="Log" library="BuiltIn">
<arg>Im neither 5 nor 10!</arg>
<doc>Logs the given message with the given level.</doc>
<msg timestamp="20240208 15:35:58.879" level="INFO">Im neither 5 nor 10!</msg>
<status status="PASS" starttime="20240208 15:35:58.879" endtime="20240208 15:35:58.879"/>
</kw>
<kw name="Log To Console" library="BuiltIn">
<arg>Im neither 5 or 10!</arg>
<doc>Logs the given message to the console.</doc>
<status status="PASS" starttime="20240208 15:35:58.879" endtime="20240208 15:35:58.879"/>
</kw>
<status status="PASS" starttime="20240208 15:35:58.879" endtime="20240208 15:35:58.879"/>
</branch>
<status status="PASS" starttime="20240208 15:35:58.878" endtime="20240208 15:35:58.879"/>
</if>
<status status="PASS" starttime="20240208 15:35:58.878" endtime="20240208 15:35:58.879"/>
</iter>
<iter>
<var name="${NUMBER}">3</var>
<if>
<branch type="IF" condition="${NUMBER} == 5">
<kw name="Log" library="BuiltIn">
<arg>Im Number 5!</arg>
<doc>Logs the given message with the given level.</doc>
<status status="NOT RUN" starttime="20240208 15:35:58.879" endtime="20240208 15:35:58.879"/>
</kw>
<kw name="Log To Console" library="BuiltIn">
<arg>Im Number 5!</arg>
<doc>Logs the given message to the console.</doc>
<status status="NOT RUN" starttime="20240208 15:35:58.879" endtime="20240208 15:35:58.879"/>
</kw>
<status status="NOT RUN" starttime="20240208 15:35:58.879" endtime="20240208 15:35:58.879"/>
</branch>
<branch type="ELSE IF" condition="${NUMBER} == 10">
<kw name="Log" library="BuiltIn">
<arg>Im Number 10!</arg>
<doc>Logs the given message with the given level.</doc>
<status status="NOT RUN" starttime="20240208 15:35:58.879" endtime="20240208 15:35:58.879"/>
</kw>
<kw name="Log To Console" library="BuiltIn">
<arg>Im Number 10!</arg>
<doc>Logs the given message to the console.</doc>
<status status="NOT RUN" starttime="20240208 15:35:58.879" endtime="20240208 15:35:58.880"/>
</kw>
<status status="NOT RUN" starttime="20240208 15:35:58.879" endtime="20240208 15:35:58.880"/>
</branch>
<branch type="ELSE">
<kw name="Log" library="BuiltIn">
<arg>Im neither 5 nor 10!</arg>
<doc>Logs the given message with the given level.</doc>
<msg timestamp="20240208 15:35:58.880" level="INFO">Im neither 5 nor 10!</msg>
<status status="PASS" starttime="20240208 15:35:58.880" endtime="20240208 15:35:58.880"/>
</kw>
<kw name="Log To Console" library="BuiltIn">
<arg>Im neither 5 or 10!</arg>
<doc>Logs the given message to the console.</doc>
<status status="PASS" starttime="20240208 15:35:58.880" endtime="20240208 15:35:58.880"/>
</kw>
<status status="PASS" starttime="20240208 15:35:58.880" endtime="20240208 15:35:58.880"/>
</branch>
<status status="PASS" starttime="20240208 15:35:58.879" endtime="20240208 15:35:58.880"/>
</if>
<status status="PASS" starttime="20240208 15:35:58.879" endtime="20240208 15:35:58.880"/>
</iter>
<iter>
<var name="${NUMBER}">4</var>
<if>
<branch type="IF" condition="${NUMBER} == 5">
<kw name="Log" library="BuiltIn">
<arg>Im Number 5!</arg>
<doc>Logs the given message with the given level.</doc>
<status status="NOT RUN" starttime="20240208 15:35:58.880" endtime="20240208 15:35:58.880"/>
</kw>
<kw name="Log To Console" library="BuiltIn">
<arg>Im Number 5!</arg>
<doc>Logs the given message to the console.</doc>
<status status="NOT RUN" starttime="20240208 15:35:58.880" endtime="20240208 15:35:58.880"/>
</kw>
<status status="NOT RUN" starttime="20240208 15:35:58.880" endtime="20240208 15:35:58.880"/>
</branch>
<branch type="ELSE IF" condition="${NUMBER} == 10">
<kw name="Log" library="BuiltIn">
<arg>Im Number 10!</arg>
<doc>Logs the given message with the given level.</doc>
<status status="NOT RUN" starttime="20240208 15:35:58.880" endtime="20240208 15:35:58.880"/>
</kw>
<kw name="Log To Console" library="BuiltIn">
<arg>Im Number 10!</arg>
<doc>Logs the given message to the console.</doc>
<status status="NOT RUN" starttime="20240208 15:35:58.880" endtime="20240208 15:35:58.880"/>
</kw>
<status status="NOT RUN" starttime="20240208 15:35:58.880" endtime="20240208 15:35:58.880"/>
</branch>
<branch type="ELSE">
<kw name="Log" library="BuiltIn">
<arg>Im neither 5 nor 10!</arg>
<doc>Logs the given message with the given level.</doc>
<msg timestamp="20240208 15:35:58.880" level="INFO">Im neither 5 nor 10!</msg>
<status status="PASS" starttime="20240208 15:35:58.880" endtime="20240208 15:35:58.880"/>
</kw>
<kw name="Log To Console" library="BuiltIn">
<arg>Im neither 5 or 10!</arg>
<doc>Logs the given message to the console.</doc>
<status status="PASS" starttime="20240208 15:35:58.880" endtime="20240208 15:35:58.881"/>
</kw>
<status status="PASS" starttime="20240208 15:35:58.880" endtime="20240208 15:35:58.881"/>
</branch>
<status status="PASS" starttime="20240208 15:35:58.880" endtime="20240208 15:35:58.881"/>
</if>
<status status="PASS" starttime="20240208 15:35:58.880" endtime="20240208 15:35:58.881"/>
</iter>
<iter>
<var name="${NUMBER}">5</var>
<if>
<branch type="IF" condition="${NUMBER} == 5">
<kw name="Log" library="BuiltIn">
<arg>Im Number 5!</arg>
<doc>Logs the given message with the given level.</doc>
<msg timestamp="20240208 15:35:58.881" level="INFO">Im Number 5!</msg>
<status status="PASS" starttime="20240208 15:35:58.881" endtime="20240208 15:35:58.881"/>
</kw>
<kw name="Log To Console" library="BuiltIn">
<arg>Im Number 5!</arg>
<doc>Logs the given message to the console.</doc>
<status status="PASS" starttime="20240208 15:35:58.881" endtime="20240208 15:35:58.881"/>
</kw>
<status status="PASS" starttime="20240208 15:35:58.881" endtime="20240208 15:35:58.881"/>
</branch>
<branch type="ELSE IF" condition="${NUMBER} == 10">
<kw name="Log" library="BuiltIn">
<arg>Im Number 10!</arg>
<doc>Logs the given message with the given level.</doc>
<status status="NOT RUN" starttime="20240208 15:35:58.881" endtime="20240208 15:35:58.881"/>
</kw>
<kw name="Log To Console" library="BuiltIn">
<arg>Im Number 10!</arg>
<doc>Logs the given message to the console.</doc>
<status status="NOT RUN" starttime="20240208 15:35:58.881" endtime="20240208 15:35:58.881"/>
</kw>
<status status="NOT RUN" starttime="20240208 15:35:58.881" endtime="20240208 15:35:58.881"/>
</branch>
<branch type="ELSE">
<kw name="Log" library="BuiltIn">
<arg>Im neither 5 nor 10!</arg>
<doc>Logs the given message with the given level.</doc>
<status status="NOT RUN" starttime="20240208 15:35:58.881" endtime="20240208 15:35:58.881"/>
</kw>
<kw name="Log To Console" library="BuiltIn">
<arg>Im neither 5 or 10!</arg>
<doc>Logs the given message to the console.</doc>
<status status="NOT RUN" starttime="20240208 15:35:58.881" endtime="20240208 15:35:58.881"/>
</kw>
<status status="NOT RUN" starttime="20240208 15:35:58.881" endtime="20240208 15:35:58.881"/>
</branch>
<status status="PASS" starttime="20240208 15:35:58.881" endtime="20240208 15:35:58.881"/>
</if>
<status status="PASS" starttime="20240208 15:35:58.881" endtime="20240208 15:35:58.881"/>
</iter>
<iter>
<var name="${NUMBER}">6</var>
<if>
<branch type="IF" condition="${NUMBER} == 5">
<kw name="Log" library="BuiltIn">
<arg>Im Number 5!</arg>
<doc>Logs the given message with the given level.</doc>
<status status="NOT RUN" starttime="20240208 15:35:58.881" endtime="20240208 15:35:58.881"/>
</kw>
<kw name="Log To Console" library="BuiltIn">
<arg>Im Number 5!</arg>
<doc>Logs the given message to the console.</doc>
<status status="NOT RUN" starttime="20240208 15:35:58.882" endtime="20240208 15:35:58.882"/>
</kw>
<status status="NOT RUN" starttime="20240208 15:35:58.881" endtime="20240208 15:35:58.882"/>
</branch>
<branch type="ELSE IF" condition="${NUMBER} == 10">
<kw name="Log" library="BuiltIn">
<arg>Im Number 10!</arg>
<doc>Logs the given message with the given level.</doc>
<status status="NOT RUN" starttime="20240208 15:35:58.882" endtime="20240208 15:35:58.882"/>
</kw>
<kw name="Log To Console" library="BuiltIn">
<arg>Im Number 10!</arg>
<doc>Logs the given message to the console.</doc>
<status status="NOT RUN" starttime="20240208 15:35:58.882" endtime="20240208 15:35:58.882"/>
</kw>
<status status="NOT RUN" starttime="20240208 15:35:58.882" endtime="20240208 15:35:58.882"/>
</branch>
<branch type="ELSE">
<kw name="Log" library="BuiltIn">
<arg>Im neither 5 nor 10!</arg>
<doc>Logs the given message with the given level.</doc>
<msg timestamp="20240208 15:35:58.882" level="INFO">Im neither 5 nor 10!</msg>
<status status="PASS" starttime="20240208 15:35:58.882" endtime="20240208 15:35:58.882"/>
</kw>
<kw name="Log To Console" library="BuiltIn">
<arg>Im neither 5 or 10!</arg>
<doc>Logs the given message to the console.</doc>
<status status="PASS" starttime="20240208 15:35:58.882" endtime="20240208 15:35:58.882"/>
</kw>
<status status="PASS" starttime="20240208 15:35:58.882" endtime="20240208 15:35:58.882"/>
</branch>
<status status="PASS" starttime="20240208 15:35:58.881" endtime="20240208 15:35:58.882"/>
</if>
<status status="PASS" starttime="20240208 15:35:58.881" endtime="20240208 15:35:58.882"/>
</iter>
<iter>
<var name="${NUMBER}">7</var>
<if>
<branch type="IF" condition="${NUMBER} == 5">
<kw name="Log" library="BuiltIn">
<arg>Im Number 5!</arg>
<doc>Logs the given message with the given level.</doc>
<status status="NOT RUN" starttime="20240208 15:35:58.882" endtime="20240208 15:35:58.882"/>
</kw>
<kw name="Log To Console" library="BuiltIn">
<arg>Im Number 5!</arg>
<doc>Logs the given message to the console.</doc>
<status status="NOT RUN" starttime="20240208 15:35:58.882" endtime="20240208 15:35:58.882"/>
</kw>
<status status="NOT RUN" starttime="20240208 15:35:58.882" endtime="20240208 15:35:58.882"/>
</branch>
<branch type="ELSE IF" condition="${NUMBER} == 10">
<kw name="Log" library="BuiltIn">
<arg>Im Number 10!</arg>
<doc>Logs the given message with the given level.</doc>
<status status="NOT RUN" starttime="20240208 15:35:58.882" endtime="20240208 15:35:58.882"/>
</kw>
<kw name="Log To Console" library="BuiltIn">
<arg>Im Number 10!</arg>
<doc>Logs the given message to the console.</doc>
<status status="NOT RUN" starttime="20240208 15:35:58.882" endtime="20240208 15:35:58.882"/>
</kw>
<status status="NOT RUN" starttime="20240208 15:35:58.882" endtime="20240208 15:35:58.882"/>
</branch>
<branch type="ELSE">
<kw name="Log" library="BuiltIn">
<arg>Im neither 5 nor 10!</arg>
<doc>Logs the given message with the given level.</doc>
<msg timestamp="20240208 15:35:58.883" level="INFO">Im neither 5 nor 10!</msg>
<status status="PASS" starttime="20240208 15:35:58.883" endtime="20240208 15:35:58.883"/>
</kw>
<kw name="Log To Console" library="BuiltIn">
<arg>Im neither 5 or 10!</arg>
<doc>Logs the given message to the console.</doc>
<status status="PASS" starttime="20240208 15:35:58.883" endtime="20240208 15:35:58.883"/>
</kw>
<status status="PASS" starttime="20240208 15:35:58.882" endtime="20240208 15:35:58.883"/>
</branch>
<status status="PASS" starttime="20240208 15:35:58.882" endtime="20240208 15:35:58.883"/>
</if>
<status status="PASS" starttime="20240208 15:35:58.882" endtime="20240208 15:35:58.883"/>
</iter>
<iter>
<var name="${NUMBER}">8</var>
<if>
<branch type="IF" condition="${NUMBER} == 5">
<kw name="Log" library="BuiltIn">
<arg>Im Number 5!</arg>
<doc>Logs the given message with the given level.</doc>
<status status="NOT RUN" starttime="20240208 15:35:58.883" endtime="20240208 15:35:58.883"/>
</kw>
<kw name="Log To Console" library="BuiltIn">
<arg>Im Number 5!</arg>
<doc>Logs the given message to the console.</doc>
<status status="NOT RUN" starttime="20240208 15:35:58.883" endtime="20240208 15:35:58.883"/>
</kw>
<status status="NOT RUN" starttime="20240208 15:35:58.883" endtime="20240208 15:35:58.883"/>
</branch>
<branch type="ELSE IF" condition="${NUMBER} == 10">
<kw name="Log" library="BuiltIn">
<arg>Im Number 10!</arg>
<doc>Logs the given message with the given level.</doc>
<status status="NOT RUN" starttime="20240208 15:35:58.883" endtime="20240208 15:35:58.883"/>
</kw>
<kw name="Log To Console" library="BuiltIn">
<arg>Im Number 10!</arg>
<doc>Logs the given message to the console.</doc>
<status status="NOT RUN" starttime="20240208 15:35:58.883" endtime="20240208 15:35:58.883"/>
</kw>
<status status="NOT RUN" starttime="20240208 15:35:58.883" endtime="20240208 15:35:58.884"/>
</branch>
<branch type="ELSE">
<kw name="Log" library="BuiltIn">
<arg>Im neither 5 nor 10!</arg>
<doc>Logs the given message with the given level.</doc>
<msg timestamp="20240208 15:35:58.884" level="INFO">Im neither 5 nor 10!</msg>
<status status="PASS" starttime="20240208 15:35:58.884" endtime="20240208 15:35:58.884"/>
</kw>
<kw name="Log To Console" library="BuiltIn">
<arg>Im neither 5 or 10!</arg>
<doc>Logs the given message to the console.</doc>
<status status="PASS" starttime="20240208 15:35:58.884" endtime="20240208 15:35:58.884"/>
</kw>
<status status="PASS" starttime="20240208 15:35:58.884" endtime="20240208 15:35:58.884"/>
</branch>
<status status="PASS" starttime="20240208 15:35:58.883" endtime="20240208 15:35:58.884"/>
</if>
<status status="PASS" starttime="20240208 15:35:58.883" endtime="20240208 15:35:58.884"/>
</iter>
<iter>
<var name="${NUMBER}">9</var>
<if>
<branch type="IF" condition="${NUMBER} == 5">
<kw name="Log" library="BuiltIn">
<arg>Im Number 5!</arg>
<doc>Logs the given message with the given level.</doc>
<status status="NOT RUN" starttime="20240208 15:35:58.884" endtime="20240208 15:35:58.884"/>
</kw>
<kw name="Log To Console" library="BuiltIn">
<arg>Im Number 5!</arg>
<doc>Logs the given message to the console.</doc>
<status status="NOT RUN" starttime="20240208 15:35:58.884" endtime="20240208 15:35:58.884"/>
</kw>
<status status="NOT RUN" starttime="20240208 15:35:58.884" endtime="20240208 15:35:58.884"/>
</branch>
<branch type="ELSE IF" condition="${NUMBER} == 10">
<kw name="Log" library="BuiltIn">
<arg>Im Number 10!</arg>
<doc>Logs the given message with the given level.</doc>
<status status="NOT RUN" starttime="20240208 15:35:58.884" endtime="20240208 15:35:58.884"/>
</kw>
<kw name="Log To Console" library="BuiltIn">
<arg>Im Number 10!</arg>
<doc>Logs the given message to the console.</doc>
<status status="NOT RUN" starttime="20240208 15:35:58.884" endtime="20240208 15:35:58.884"/>
</kw>
<status status="NOT RUN" starttime="20240208 15:35:58.884" endtime="20240208 15:35:58.884"/>
</branch>
<branch type="ELSE">
<kw name="Log" library="BuiltIn">
<arg>Im neither 5 nor 10!</arg>
<doc>Logs the given message with the given level.</doc>
<msg timestamp="20240208 15:35:58.884" level="INFO">Im neither 5 nor 10!</msg>
<status status="PASS" starttime="20240208 15:35:58.884" endtime="20240208 15:35:58.885"/>
</kw>
<kw name="Log To Console" library="BuiltIn">
<arg>Im neither 5 or 10!</arg>
<doc>Logs the given message to the console.</doc>
<status status="PASS" starttime="20240208 15:35:58.885" endtime="20240208 15:35:58.885"/>
</kw>
<status status="PASS" starttime="20240208 15:35:58.884" endtime="20240208 15:35:58.885"/>
</branch>
<status status="PASS" starttime="20240208 15:35:58.884" endtime="20240208 15:35:58.885"/>
</if>
<status status="PASS" starttime="20240208 15:35:58.884" endtime="20240208 15:35:58.885"/>
</iter>
<iter>
<var name="${NUMBER}">10</var>
<if>
<branch type="IF" condition="${NUMBER} == 5">
<kw name="Log" library="BuiltIn">
<arg>Im Number 5!</arg>
<doc>Logs the given message with the given level.</doc>
<status status="NOT RUN" starttime="20240208 15:35:58.885" endtime="20240208 15:35:58.885"/>
</kw>
<kw name="Log To Console" library="BuiltIn">
<arg>Im Number 5!</arg>
<doc>Logs the given message to the console.</doc>
<status status="NOT RUN" starttime="20240208 15:35:58.885" endtime="20240208 15:35:58.885"/>
</kw>
<status status="NOT RUN" starttime="20240208 15:35:58.885" endtime="20240208 15:35:58.885"/>
</branch>
<branch type="ELSE IF" condition="${NUMBER} == 10">
<kw name="Log" library="BuiltIn">
<arg>Im Number 10!</arg>
<doc>Logs the given message with the given level.</doc>
<msg timestamp="20240208 15:35:58.885" level="INFO">Im Number 10!</msg>
<status status="PASS" starttime="20240208 15:35:58.885" endtime="20240208 15:35:58.885"/>
</kw>
<kw name="Log To Console" library="BuiltIn">
<arg>Im Number 10!</arg>
<doc>Logs the given message to the console.</doc>
<status status="PASS" starttime="20240208 15:35:58.885" endtime="20240208 15:35:58.885"/>
</kw>
<status status="PASS" starttime="20240208 15:35:58.885" endtime="20240208 15:35:58.885"/>
</branch>
<branch type="ELSE">
<kw name="Log" library="BuiltIn">
<arg>Im neither 5 nor 10!</arg>
<doc>Logs the given message with the given level.</doc>
<status status="NOT RUN" starttime="20240208 15:35:58.885" endtime="20240208 15:35:58.885"/>
</kw>
<kw name="Log To Console" library="BuiltIn">
<arg>Im neither 5 or 10!</arg>
<doc>Logs the given message to the console.</doc>
<status status="NOT RUN" starttime="20240208 15:35:58.885" endtime="20240208 15:35:58.886"/>
</kw>
<status status="NOT RUN" starttime="20240208 15:35:58.885" endtime="20240208 15:35:58.886"/>
</branch>
<status status="PASS" starttime="20240208 15:35:58.885" endtime="20240208 15:35:58.886"/>
</if>
<status status="PASS" starttime="20240208 15:35:58.885" endtime="20240208 15:35:58.886"/>
</iter>
<status status="PASS" starttime="20240208 15:35:58.877" endtime="20240208 15:35:58.886"/>
</for>
<status status="PASS" starttime="20240208 15:35:58.877" endtime="20240208 15:35:58.886"/>
</kw>
<status status="PASS" starttime="20240208 15:35:58.877" endtime="20240208 15:35:58.886"/>
</test>
<doc>Practice IF and Loops</doc>
<status status="PASS" starttime="20240208 15:35:58.859" endtime="20240208 15:35:58.886"/>
</suite>
<statistics>
<total>
<stat pass="1" fail="0" skip="0">All Tests</stat>
</total>
<tag>
</tag>
<suite>
<stat pass="1" fail="0" skip="0" id="s1" name="Assignment6">Assignment6</stat>
</suite>
</statistics>
<errors>
</errors>
</robot>
