<?xml version="1.0" encoding="UTF-8"?>
<robot generator="Robot 6.1.1 (Python 3.12.1 on win32)" generated="20240206 11:42:51.857" rpa="false" schemaversion="4">
<suite id="s1" name="Amazon Test" source="C:\Users\Kraga\Cursos Prog\RobotFramework\amazon_webtest\amazon_test.robot">
<test id="s1-t1" name="Test Case 03 - Remove product from cart" line="42">
<kw name="Abrir_Browser" library="amazon_resources" type="SETUP">
<kw name="Open Browser" library="SeleniumLibrary">
<arg>browser=chrome</arg>
<arg>options=add_experimental_option("detach", True)</arg>
<doc>Opens a new browser instance to the optional ``url``.</doc>
<msg timestamp="20240206 11:42:52.018" level="INFO">Opening browser 'chrome' to base url 'None'.</msg>
<status status="PASS" starttime="20240206 11:42:52.017" endtime="20240206 11:42:53.313"/>
</kw>
<kw name="Maximize Browser Window" library="SeleniumLibrary">
<doc>Maximizes current browser window.</doc>
<status status="PASS" starttime="20240206 11:42:53.313" endtime="20240206 11:42:53.430"/>
</kw>
<status status="PASS" starttime="20240206 11:42:52.017" endtime="20240206 11:42:53.430"/>
</kw>
<kw name="Access amazon home page" library="amazon_resources">
<kw name="Go To" library="SeleniumLibrary">
<arg>url=${URL}</arg>
<doc>Navigates the current browser window to the provided ``url``.</doc>
<msg timestamp="20240206 11:42:53.431" level="INFO">Opening url 'http://www.amazon.com.br'</msg>
<status status="PASS" starttime="20240206 11:42:53.431" endtime="20240206 11:42:54.036"/>
</kw>
<kw name="Wait Until Element Is Visible" library="SeleniumLibrary">
<arg>locator=${MENU_ELETRONICOS}</arg>
<arg>timeout=10</arg>
<doc>Waits until the element ``locator`` is visible.</doc>
<status status="PASS" starttime="20240206 11:42:54.036" endtime="20240206 11:42:59.976"/>
</kw>
<status status="PASS" starttime="20240206 11:42:53.431" endtime="20240206 11:42:59.976"/>
</kw>
<kw name="Write product name &quot;Xbox Series S&quot; in search bar" library="amazon_resources" sourcename="Write product name &quot;${PRODUCT_NAME}&quot; in search bar">
<kw name="Input Text" library="SeleniumLibrary">
<arg>locator=${SEARCH_BAR}</arg>
<arg>text=${PRODUCT_NAME}</arg>
<doc>Types the given ``text`` into the text field identified by ``locator``.</doc>
<msg timestamp="20240206 11:42:59.977" level="INFO">Typing text 'Xbox Series S' into text field '//input[contains(@type,'text')]'.</msg>
<status status="PASS" starttime="20240206 11:42:59.976" endtime="20240206 11:43:00.210"/>
</kw>
<status status="PASS" starttime="20240206 11:42:59.976" endtime="20240206 11:43:00.210"/>
</kw>
<kw name="Click search button" library="amazon_resources">
<kw name="Click Element" library="SeleniumLibrary">
<arg>locator=${SEARCH_ICON}</arg>
<doc>Click the element identified by ``locator``.</doc>
<msg timestamp="20240206 11:43:00.211" level="INFO">Clicking element '//span[@aria-label='Ir']'.</msg>
<status status="PASS" starttime="20240206 11:43:00.210" endtime="20240206 11:43:01.609"/>
</kw>
<status status="PASS" starttime="20240206 11:43:00.210" endtime="20240206 11:43:01.609"/>
</kw>
<kw name="Verify if searched result is listing searched product &quot;Console Xbox Series S&quot;" library="amazon_resources" sourcename="Verify if searched result is listing searched product &quot;${PRODUCT_NAME}&quot;">
<kw name="Wait Until Element Is Visible" library="SeleniumLibrary">
<arg>locator=(//span[contains(.,'${PRODUCT_NAME}')])[3]</arg>
<doc>Waits until the element ``locator`` is visible.</doc>
<status status="PASS" starttime="20240206 11:43:01.610" endtime="20240206 11:43:01.628"/>
</kw>
<status status="PASS" starttime="20240206 11:43:01.610" endtime="20240206 11:43:01.628"/>
</kw>
<kw name="Add product &quot;Console Xbox Series S&quot; to cart" library="amazon_resources" sourcename="Add product &quot;${PRODUCT_NAME}&quot; to cart">
<kw name="Click Element" library="SeleniumLibrary">
<arg>locator=(//span[contains(.,'${PRODUCT_NAME}')])[3]</arg>
<doc>Click the element identified by ``locator``.</doc>
<msg timestamp="20240206 11:43:01.628" level="INFO">Clicking element '(//span[contains(.,'Console Xbox Series S')])[3]'.</msg>
<status status="PASS" starttime="20240206 11:43:01.628" endtime="20240206 11:43:05.295"/>
</kw>
<kw name="Wait Until Element Is Visible" library="SeleniumLibrary">
<arg>locator=${ADD_CART}</arg>
<doc>Waits until the element ``locator`` is visible.</doc>
<status status="PASS" starttime="20240206 11:43:05.295" endtime="20240206 11:43:05.311"/>
</kw>
<kw name="Click Element" library="SeleniumLibrary">
<arg>locator=${ADD_CART}</arg>
<doc>Click the element identified by ``locator``.</doc>
<msg timestamp="20240206 11:43:05.311" level="INFO">Clicking element '//input[contains(@name,'submit.add-to-cart')]'.</msg>
<status status="PASS" starttime="20240206 11:43:05.311" endtime="20240206 11:43:07.267"/>
</kw>
<status status="PASS" starttime="20240206 11:43:01.628" endtime="20240206 11:43:07.267"/>
</kw>
<kw name="Verify if product &quot;Console Xbox Series S&quot; has been added" library="amazon_resources" sourcename="Verify if product &quot;${PRODUCT_NAME}&quot; has been added">
<kw name="Wait Until Element Is Visible" library="SeleniumLibrary">
<arg>locator=${CART}</arg>
<doc>Waits until the element ``locator`` is visible.</doc>
<status status="PASS" starttime="20240206 11:43:07.267" endtime="20240206 11:43:07.280"/>
</kw>
<kw name="Click Element" library="SeleniumLibrary">
<arg>locator=${CART}</arg>
<doc>Click the element identified by ``locator``.</doc>
<msg timestamp="20240206 11:43:07.281" level="INFO">Clicking element '//a[@class='nav-a nav-a-2 nav-progressive-attribute']'.</msg>
<status status="PASS" starttime="20240206 11:43:07.280" endtime="20240206 11:43:08.056"/>
</kw>
<kw name="Wait Until Element Is Visible" library="SeleniumLibrary">
<arg>locator=//span[@class='a-truncate-cut'][contains(.,'${PRODUCT_NAME}')]</arg>
<doc>Waits until the element ``locator`` is visible.</doc>
<status status="PASS" starttime="20240206 11:43:08.056" endtime="20240206 11:43:08.069"/>
</kw>
<status status="PASS" starttime="20240206 11:43:07.267" endtime="20240206 11:43:08.069"/>
</kw>
<kw name="Remove product &quot;Console Xbox Series S&quot; from cart" library="amazon_resources" sourcename="Remove product &quot;${PRODUCT_NAME}&quot; from cart">
<kw name="Click Element" library="SeleniumLibrary">
<arg>locator=//input[@aria-label='Excluir ${PRODUCT_NAME}']</arg>
<doc>Click the element identified by ``locator``.</doc>
<msg timestamp="20240206 11:43:08.070" level="INFO">Clicking element '//input[@aria-label='Excluir Console Xbox Series S']'.</msg>
<status status="PASS" starttime="20240206 11:43:08.070" endtime="20240206 11:43:08.130"/>
</kw>
<status status="PASS" starttime="20240206 11:43:08.070" endtime="20240206 11:43:08.130"/>
</kw>
<kw name="Verify if shopping cart is empty" library="amazon_resources">
<kw name="Wait Until Element Is Visible" library="SeleniumLibrary">
<arg>locator=${CART}</arg>
<doc>Waits until the element ``locator`` is visible.</doc>
<status status="PASS" starttime="20240206 11:43:08.131" endtime="20240206 11:43:08.142"/>
</kw>
<kw name="Click Element" library="SeleniumLibrary">
<arg>locator=${CART}</arg>
<doc>Click the element identified by ``locator``.</doc>
<msg timestamp="20240206 11:43:08.143" level="INFO">Clicking element '//a[@class='nav-a nav-a-2 nav-progressive-attribute']'.</msg>
<status status="PASS" starttime="20240206 11:43:08.142" endtime="20240206 11:43:08.705"/>
</kw>
<kw name="Wait Until Page Contains Element" library="SeleniumLibrary">
<arg>locator=//h2[contains(.,'Seu carrinho da Amazon está vazio')]</arg>
<doc>Waits until the element ``locator`` appears on the current page.</doc>
<status status="PASS" starttime="20240206 11:43:08.705" endtime="20240206 11:43:08.713"/>
</kw>
<status status="PASS" starttime="20240206 11:43:08.131" endtime="20240206 11:43:08.713"/>
</kw>
<kw name="Fechar_Browser" library="amazon_resources" type="TEARDOWN">
<kw name="Capture Page Screenshot" library="SeleniumLibrary">
<doc>Takes a screenshot of the current page and embeds it into a log file.</doc>
<msg timestamp="20240206 11:43:08.823" level="INFO" html="true">&lt;/td&gt;&lt;/tr&gt;&lt;tr&gt;&lt;td colspan="3"&gt;&lt;a href="selenium-screenshot-15.png"&gt;&lt;img src="selenium-screenshot-15.png" width="800px"&gt;&lt;/a&gt;</msg>
<status status="PASS" starttime="20240206 11:43:08.714" endtime="20240206 11:43:08.823"/>
</kw>
<kw name="Close Browser" library="SeleniumLibrary">
<doc>Closes the current browser.</doc>
<status status="PASS" starttime="20240206 11:43:08.823" endtime="20240206 11:43:10.986"/>
</kw>
<status status="PASS" starttime="20240206 11:43:08.713" endtime="20240206 11:43:10.986"/>
</kw>
<doc>This test Verifys if a product is removed from the cart</doc>
<tag>remove_cart</tag>
<status status="PASS" starttime="20240206 11:42:52.017" endtime="20240206 11:43:10.987"/>
</test>
<doc>This suite tests webwise amazon.com.br</doc>
<status status="PASS" starttime="20240206 11:42:51.858" endtime="20240206 11:43:10.987"/>
</suite>
<statistics>
<total>
<stat pass="1" fail="0" skip="0">All Tests</stat>
</total>
<tag>
<stat pass="1" fail="0" skip="0">remove_cart</stat>
</tag>
<suite>
<stat pass="1" fail="0" skip="0" id="s1" name="Amazon Test">Amazon Test</stat>
</suite>
</statistics>
<errors>
</errors>
</robot>
