<?xml version="1.0" encoding="UTF-8"?>
<robot generator="Robot 6.1.1 (Python 3.12.1 on win32)" generated="20240206 16:44:03.678" rpa="false" schemaversion="4">
<suite id="s1" name="Assignment3 Tests" source="C:\Users\Kraga\Cursos Prog\RobotFramework\VariaveisEscoposArgumentos\assignment3\assignment3_tests.robot">
<test id="s1-t1" name="Test Case 01 - Print List" line="7">
<kw name="Print list">
<kw name="Log To Console" library="BuiltIn">
<arg>message=${months}[0]</arg>
<doc>Logs the given message to the console.</doc>
<status status="PASS" starttime="20240206 16:44:03.695" endtime="20240206 16:44:03.695"/>
</kw>
<kw name="Log To Console" library="BuiltIn">
<arg>message=${months}[1]</arg>
<doc>Logs the given message to the console.</doc>
<status status="PASS" starttime="20240206 16:44:03.695" endtime="20240206 16:44:03.695"/>
</kw>
<kw name="Log To Console" library="BuiltIn">
<arg>message=${months}[2]</arg>
<doc>Logs the given message to the console.</doc>
<status status="PASS" starttime="20240206 16:44:03.695" endtime="20240206 16:44:03.696"/>
</kw>
<kw name="Log To Console" library="BuiltIn">
<arg>message=${months}[3]</arg>
<doc>Logs the given message to the console.</doc>
<status status="PASS" starttime="20240206 16:44:03.696" endtime="20240206 16:44:03.696"/>
</kw>
<kw name="Log To Console" library="BuiltIn">
<arg>message=${months}[4]</arg>
<doc>Logs the given message to the console.</doc>
<status status="PASS" starttime="20240206 16:44:03.696" endtime="20240206 16:44:03.696"/>
</kw>
<kw name="Log To Console" library="BuiltIn">
<arg>message=${months}[5]</arg>
<doc>Logs the given message to the console.</doc>
<status status="PASS" starttime="20240206 16:44:03.696" endtime="20240206 16:44:03.696"/>
</kw>
<kw name="Log To Console" library="BuiltIn">
<arg>message=${months}[6]</arg>
<doc>Logs the given message to the console.</doc>
<status status="PASS" starttime="20240206 16:44:03.696" endtime="20240206 16:44:03.696"/>
</kw>
<kw name="Log To Console" library="BuiltIn">
<arg>message=${months}[7]</arg>
<doc>Logs the given message to the console.</doc>
<status status="PASS" starttime="20240206 16:44:03.696" endtime="20240206 16:44:03.697"/>
</kw>
<kw name="Log To Console" library="BuiltIn">
<arg>message=${months}[8]</arg>
<doc>Logs the given message to the console.</doc>
<status status="PASS" starttime="20240206 16:44:03.697" endtime="20240206 16:44:03.697"/>
</kw>
<kw name="Log To Console" library="BuiltIn">
<arg>message=${months}[9]</arg>
<doc>Logs the given message to the console.</doc>
<status status="PASS" starttime="20240206 16:44:03.697" endtime="20240206 16:44:03.697"/>
</kw>
<kw name="Log To Console" library="BuiltIn">
<arg>message=${months}[10]</arg>
<doc>Logs the given message to the console.</doc>
<status status="PASS" starttime="20240206 16:44:03.697" endtime="20240206 16:44:03.697"/>
</kw>
<kw name="Log To Console" library="BuiltIn">
<arg>message=${months}[11]</arg>
<doc>Logs the given message to the console.</doc>
<status status="PASS" starttime="20240206 16:44:03.697" endtime="20240206 16:44:03.698"/>
</kw>
<status status="PASS" starttime="20240206 16:44:03.695" endtime="20240206 16:44:03.698"/>
</kw>
<status status="PASS" starttime="20240206 16:44:03.694" endtime="20240206 16:44:03.698"/>
</test>
<status status="PASS" starttime="20240206 16:44:03.679" endtime="20240206 16:44:03.698"/>
</suite>
<statistics>
<total>
<stat pass="1" fail="0" skip="0">All Tests</stat>
</total>
<tag>
</tag>
<suite>
<stat pass="1" fail="0" skip="0" id="s1" name="Assignment3 Tests">Assignment3 Tests</stat>
</suite>
</statistics>
<errors>
</errors>
</robot>
