<?xml version="1.0" encoding="UTF-8"?>
<robot generator="Robot 6.1.1 (Python 3.12.1 on win32)" generated="20240209 12:12:10.222" rpa="false" schemaversion="4">
<suite id="s1" name="Api Testing Users Tests" source="C:\Users\Kraga\Cursos Prog\RobotFramework\ApiTesting\tests\api_testing_users_tests.robot">
<test id="s1-t1" name="Test Case 04 - Create a new user and login" line="26">
<kw name="Make a new user" library="api_testing_users">
<kw name="Word" library="FakerLibrary">
<var>${RANDOM_WORD}</var>
<doc>Generate a word.</doc>
<msg timestamp="20240209 12:12:10.667" level="INFO">${RANDOM_WORD} = across</msg>
<status status="PASS" starttime="20240209 12:12:10.666" endtime="20240209 12:12:10.667"/>
</kw>
<kw name="Convert To Lower Case" library="String">
<var>${RANDOM_WORD}</var>
<arg>${RANDOM_WORD}</arg>
<doc>Converts string to lower case.</doc>
<msg timestamp="20240209 12:12:10.667" level="INFO">${RANDOM_WORD} = across</msg>
<status status="PASS" starttime="20240209 12:12:10.667" endtime="20240209 12:12:10.667"/>
</kw>
<kw name="Set Test Variable" library="BuiltIn">
<arg>${TEST_EMAIL}</arg>
<arg>${RANDOM_WORD}@email.com</arg>
<doc>Makes a variable available everywhere within the scope of the current test.</doc>
<msg timestamp="20240209 12:12:10.668" level="INFO">${TEST_EMAIL} = across@email.com</msg>
<status status="PASS" starttime="20240209 12:12:10.667" endtime="20240209 12:12:10.668"/>
</kw>
<kw name="Log" library="BuiltIn">
<arg>${TEST_EMAIL}</arg>
<doc>Logs the given message with the given level.</doc>
<msg timestamp="20240209 12:12:10.668" level="INFO">across@email.com</msg>
<status status="PASS" starttime="20240209 12:12:10.668" endtime="20240209 12:12:10.668"/>
</kw>
<status status="PASS" starttime="20240209 12:12:10.666" endtime="20240209 12:12:10.668"/>
</kw>
<kw name="Register the user at ServeRest" library="api_testing_users">
<arg>${TEST_EMAIL}</arg>
<arg>WANTED_STATUS=201</arg>
<kw name="Name" library="FakerLibrary">
<var>${RANDOM_NAME}</var>
<doc>:example: 'John Doe'</doc>
<msg timestamp="20240209 12:12:10.668" level="INFO">${RANDOM_NAME} = Robin Singh</msg>
<status status="PASS" starttime="20240209 12:12:10.668" endtime="20240209 12:12:10.668"/>
</kw>
<kw name="Password" library="FakerLibrary">
<var>${RANDOM_PASSWORD}</var>
<doc>Generate a random password of the specified ``length``.</doc>
<msg timestamp="20240209 12:12:10.669" level="INFO">${RANDOM_PASSWORD} = _(V1#Raw3U</msg>
<status status="PASS" starttime="20240209 12:12:10.668" endtime="20240209 12:12:10.669"/>
</kw>
<kw name="Set Test Variable" library="BuiltIn">
<arg>${NAME}</arg>
<arg>${RANDOM_NAME}</arg>
<doc>Makes a variable available everywhere within the scope of the current test.</doc>
<msg timestamp="20240209 12:12:10.669" level="INFO">${NAME} = Robin Singh</msg>
<status status="PASS" starttime="20240209 12:12:10.669" endtime="20240209 12:12:10.669"/>
</kw>
<kw name="Set Test Variable" library="BuiltIn">
<arg>${PASSWORD}</arg>
<arg>${RANDOM_PASSWORD}</arg>
<doc>Makes a variable available everywhere within the scope of the current test.</doc>
<msg timestamp="20240209 12:12:10.670" level="INFO">${PASSWORD} = _(V1#Raw3U</msg>
<status status="PASS" starttime="20240209 12:12:10.669" endtime="20240209 12:12:10.670"/>
</kw>
<kw name="Create Dictionary" library="BuiltIn">
<var>${BODY}</var>
<arg>nome=${NAME}</arg>
<arg>email=${TEST_EMAIL}</arg>
<arg>password=${PASSWORD}</arg>
<arg>administrador=true</arg>
<doc>Creates and returns a dictionary based on the given ``items``.</doc>
<msg timestamp="20240209 12:12:10.670" level="INFO">${BODY} = {'nome': 'Robin Singh', 'email': 'across@email.com', 'password': '_(V1#Raw3U', 'administrador': 'true'}</msg>
<status status="PASS" starttime="20240209 12:12:10.670" endtime="20240209 12:12:10.670"/>
</kw>
<kw name="Log" library="BuiltIn">
<arg>${BODY}</arg>
<doc>Logs the given message with the given level.</doc>
<msg timestamp="20240209 12:12:10.670" level="INFO">{'nome': 'Robin Singh', 'email': 'across@email.com', 'password': '_(V1#Raw3U', 'administrador': 'true'}</msg>
<status status="PASS" starttime="20240209 12:12:10.670" endtime="20240209 12:12:10.670"/>
</kw>
<kw name="Make Session on ServeRest" library="api_testing_users">
<kw name="Create Dictionary" library="BuiltIn">
<var>${HEADERS}</var>
<arg>accept=application/json</arg>
<arg>Content-Type=application/json</arg>
<doc>Creates and returns a dictionary based on the given ``items``.</doc>
<msg timestamp="20240209 12:12:10.670" level="INFO">${HEADERS} = {'accept': 'application/json', 'Content-Type': 'application/json'}</msg>
<status status="PASS" starttime="20240209 12:12:10.670" endtime="20240209 12:12:10.670"/>
</kw>
<kw name="Create Session" library="RequestsLibrary">
<arg>alias=ServeRest</arg>
<arg>url=https://serverest.dev</arg>
<arg>headers=${HEADERS}</arg>
<doc>Create Session: create a HTTP session to a server</doc>
<msg timestamp="20240209 12:12:10.671" level="INFO">Creating Session using : alias=ServeRest, url=https://serverest.dev, headers={'accept': 'application/json', 'Content-Type': 'application/json'},                     cookies={}, auth=None, timeout=None, proxies=None, verify=False,                     debug=0 </msg>
<status status="PASS" starttime="20240209 12:12:10.671" endtime="20240209 12:12:10.671"/>
</kw>
<status status="PASS" starttime="20240209 12:12:10.670" endtime="20240209 12:12:10.671"/>
</kw>
<kw name="POST On Session" library="RequestsLibrary">
<var>${ANSWER}</var>
<arg>alias=ServeRest</arg>
<arg>url=/usuarios</arg>
<arg>json=${BODY}</arg>
<arg>expected_status=${WANTED_STATUS}</arg>
<doc>Sends a POST request on a previously created HTTP Session.</doc>
<msg timestamp="20240209 12:12:10.935" level="INFO">POST Request : url=https://serverest.dev/usuarios 
 path_url=/usuarios 
 headers={'User-Agent': 'python-requests/2.31.0', 'Accept-Encoding': 'gzip, deflate', 'accept': 'application/json', 'Connection': 'keep-alive', 'Content-Type': 'application/json', 'Content-Length': '103'} 
 body=b'{"nome": "Robin Singh", "email": "across@email.com", "password": "_(V1#Raw3U", "administrador": "true"}' 
 </msg>
<msg timestamp="20240209 12:12:10.935" level="INFO">POST Response : url=https://serverest.dev/usuarios 
 status=201, reason=Created 
 headers={'access-control-allow-origin': '*', 'x-dns-prefetch-control': 'off', 'x-frame-options': 'SAMEORIGIN', 'strict-transport-security': 'max-age=15552000; includeSubDomains', 'x-download-options': 'noopen', 'x-content-type-options': 'nosniff', 'x-xss-protection': '1; mode=block', 'content-type': 'application/json; charset=utf-8', 'X-Cloud-Trace-Context': '014ced808a3ea56c77a72c5a17770729;o=1', 'Date': 'Fri, 09 Feb 2024 12:12:11 GMT', 'Server': 'Google Frontend', 'Content-Length': '82'} 
 body={
    "message": "Cadastro realizado com sucesso",
    "_id": "sxQTt6iBIfGZ5wmS"
} 
 </msg>
<msg timestamp="20240209 12:12:10.935" level="INFO">C:\Users\Kraga\AppData\Local\Programs\Python\Python312\Lib\site-packages\urllib3\connectionpool.py:1099: InsecureRequestWarning: Unverified HTTPS request is being made to host 'serverest.dev'. Adding certificate verification is strongly advised. See: https://urllib3.readthedocs.io/en/latest/advanced-usage.html#tls-warnings
  warnings.warn(</msg>
<msg timestamp="20240209 12:12:10.936" level="INFO">${ANSWER} = &lt;Response [201]&gt;</msg>
<status status="PASS" starttime="20240209 12:12:10.671" endtime="20240209 12:12:10.936"/>
</kw>
<kw name="Log" library="BuiltIn">
<arg>${ANSWER.json()}</arg>
<doc>Logs the given message with the given level.</doc>
<msg timestamp="20240209 12:12:10.936" level="INFO">{'message': 'Cadastro realizado com sucesso', '_id': 'sxQTt6iBIfGZ5wmS'}</msg>
<status status="PASS" starttime="20240209 12:12:10.936" endtime="20240209 12:12:10.936"/>
</kw>
<if>
<branch type="IF" condition="${ANSWER.status_code} == 201">
<kw name="Set Test Variable" library="BuiltIn">
<arg>${ID_USER}</arg>
<arg>${ANSWER.json()["_id"]}</arg>
<doc>Makes a variable available everywhere within the scope of the current test.</doc>
<msg timestamp="20240209 12:12:10.937" level="INFO">${ID_USER} = sxQTt6iBIfGZ5wmS</msg>
<status status="PASS" starttime="20240209 12:12:10.937" endtime="20240209 12:12:10.937"/>
</kw>
<status status="PASS" starttime="20240209 12:12:10.936" endtime="20240209 12:12:10.937"/>
</branch>
<status status="PASS" starttime="20240209 12:12:10.936" endtime="20240209 12:12:10.937"/>
</if>
<kw name="Set Test Variable" library="BuiltIn">
<arg>${SERVER_ANSWER}</arg>
<arg>${ANSWER.json()}</arg>
<doc>Makes a variable available everywhere within the scope of the current test.</doc>
<msg timestamp="20240209 12:12:10.938" level="INFO">${SERVER_ANSWER} = {'message': 'Cadastro realizado com sucesso', '_id': 'sxQTt6iBIfGZ5wmS'}</msg>
<status status="PASS" starttime="20240209 12:12:10.937" endtime="20240209 12:12:10.938"/>
</kw>
<status status="PASS" starttime="20240209 12:12:10.668" endtime="20240209 12:12:10.938"/>
</kw>
<kw name="Login with created user" library="api_testing_users">
<arg>${TEST_EMAIL}</arg>
<arg>${PASSWORD}</arg>
<kw name="Create Dictionary" library="BuiltIn">
<var>${LOGIN_BODY}</var>
<arg>email=${TEST_EMAIL}</arg>
<arg>password=${PASSWORD}</arg>
<doc>Creates and returns a dictionary based on the given ``items``.</doc>
<msg timestamp="20240209 12:12:10.939" level="INFO">${LOGIN_BODY} = {'email': 'across@email.com', 'password': '_(V1#Raw3U'}</msg>
<status status="PASS" starttime="20240209 12:12:10.939" endtime="20240209 12:12:10.939"/>
</kw>
<kw name="Make Session on ServeRest" library="api_testing_users">
<kw name="Create Dictionary" library="BuiltIn">
<var>${HEADERS}</var>
<arg>accept=application/json</arg>
<arg>Content-Type=application/json</arg>
<doc>Creates and returns a dictionary based on the given ``items``.</doc>
<msg timestamp="20240209 12:12:10.939" level="INFO">${HEADERS} = {'accept': 'application/json', 'Content-Type': 'application/json'}</msg>
<status status="PASS" starttime="20240209 12:12:10.939" endtime="20240209 12:12:10.939"/>
</kw>
<kw name="Create Session" library="RequestsLibrary">
<arg>alias=ServeRest</arg>
<arg>url=https://serverest.dev</arg>
<arg>headers=${HEADERS}</arg>
<doc>Create Session: create a HTTP session to a server</doc>
<msg timestamp="20240209 12:12:10.940" level="INFO">Creating Session using : alias=ServeRest, url=https://serverest.dev, headers={'accept': 'application/json', 'Content-Type': 'application/json'},                     cookies={}, auth=None, timeout=None, proxies=None, verify=False,                     debug=0 </msg>
<status status="PASS" starttime="20240209 12:12:10.940" endtime="20240209 12:12:10.940"/>
</kw>
<status status="PASS" starttime="20240209 12:12:10.939" endtime="20240209 12:12:10.940"/>
</kw>
<kw name="POST On Session" library="RequestsLibrary">
<var>${LOGIN_ANWSER}</var>
<arg>alias=ServeRest</arg>
<arg>url=/login</arg>
<arg>json=${LOGIN_BODY}</arg>
<arg>expected_status=200</arg>
<doc>Sends a POST request on a previously created HTTP Session.</doc>
<msg timestamp="20240209 12:12:11.200" level="INFO">POST Request : url=https://serverest.dev/login 
 path_url=/login 
 headers={'User-Agent': 'python-requests/2.31.0', 'Accept-Encoding': 'gzip, deflate', 'accept': 'application/json', 'Connection': 'keep-alive', 'Content-Type': 'application/json', 'Content-Length': '55'} 
 body=b'{"email": "across@email.com", "password": "_(V1#Raw3U"}' 
 </msg>
<msg timestamp="20240209 12:12:11.200" level="INFO">POST Response : url=https://serverest.dev/login 
 status=200, reason=OK 
 headers={'access-control-allow-origin': '*', 'x-dns-prefetch-control': 'off', 'x-frame-options': 'SAMEORIGIN', 'strict-transport-security': 'max-age=15552000; includeSubDomains', 'x-download-options': 'noopen', 'x-content-type-options': 'nosniff', 'x-xss-protection': '1; mode=block', 'content-type': 'application/json; charset=utf-8', 'X-Cloud-Trace-Context': 'ab0b60bd621e6d52824d527bc162cd8c', 'Date': 'Fri, 09 Feb 2024 12:12:12 GMT', 'Server': 'Google Frontend', 'Content-Length': '276'} 
 body={
    "message": "Login realizado com sucesso",
    "authorization": "Bearer eyJhbGciOiJIUzI1NiIsInR5cCI6IkpXVCJ9.eyJlbWFpbCI6ImFjcm9zc0BlbWFpbC5jb20iLCJwYXNzd29yZCI6Il8oVjEjUmF3M1UiLCJpYXQiOjE3MDc0ODA3MzEsImV4cCI6MTcwNzQ4MTMzMX0.fpJcjnWwdKTbyxlvK_9qWKHqqcYSRQpYRXr42bM5BBI"
} 
 </msg>
<msg timestamp="20240209 12:12:11.200" level="INFO">C:\Users\Kraga\AppData\Local\Programs\Python\Python312\Lib\site-packages\urllib3\connectionpool.py:1099: InsecureRequestWarning: Unverified HTTPS request is being made to host 'serverest.dev'. Adding certificate verification is strongly advised. See: https://urllib3.readthedocs.io/en/latest/advanced-usage.html#tls-warnings
  warnings.warn(</msg>
<msg timestamp="20240209 12:12:11.200" level="INFO">${LOGIN_ANWSER} = &lt;Response [200]&gt;</msg>
<status status="PASS" starttime="20240209 12:12:10.940" endtime="20240209 12:12:11.200"/>
</kw>
<kw name="Log" library="BuiltIn">
<arg>${LOGIN_ANWSER.json()}</arg>
<doc>Logs the given message with the given level.</doc>
<msg timestamp="20240209 12:12:11.201" level="INFO">{'message': 'Login realizado com sucesso', 'authorization': 'Bearer eyJhbGciOiJIUzI1NiIsInR5cCI6IkpXVCJ9.eyJlbWFpbCI6ImFjcm9zc0BlbWFpbC5jb20iLCJwYXNzd29yZCI6Il8oVjEjUmF3M1UiLCJpYXQiOjE3MDc0ODA3MzEsImV4cCI6MTcwNzQ4MTMzMX0.fpJcjnWwdKTbyxlvK_9qWKHqqcYSRQpYRXr42bM5BBI'}</msg>
<status status="PASS" starttime="20240209 12:12:11.201" endtime="20240209 12:12:11.201"/>
</kw>
<kw name="Set Test Variable" library="BuiltIn">
<arg>${LOGIN_ANWSER}</arg>
<arg>${LOGIN_ANWSER.json()}</arg>
<doc>Makes a variable available everywhere within the scope of the current test.</doc>
<msg timestamp="20240209 12:12:11.201" level="INFO">${LOGIN_ANWSER} = {'message': 'Login realizado com sucesso', 'authorization': 'Bearer eyJhbGciOiJIUzI1NiIsInR5cCI6IkpXVCJ9.eyJlbWFpbCI6ImFjcm9zc0BlbWFpbC5jb20iLCJwYXNzd29yZCI6Il8oVjEjUmF3M1UiLCJpYXQiOjE3MDc0ODA3MzEsImV...</msg>
<status status="PASS" starttime="20240209 12:12:11.201" endtime="20240209 12:12:11.201"/>
</kw>
<status status="PASS" starttime="20240209 12:12:10.939" endtime="20240209 12:12:11.201"/>
</kw>
<kw name="Verify if login was successful" library="api_testing_users">
<kw name="Log" library="BuiltIn">
<arg>${LOGIN_ANWSER}</arg>
<doc>Logs the given message with the given level.</doc>
<msg timestamp="20240209 12:12:11.202" level="INFO">{'message': 'Login realizado com sucesso', 'authorization': 'Bearer eyJhbGciOiJIUzI1NiIsInR5cCI6IkpXVCJ9.eyJlbWFpbCI6ImFjcm9zc0BlbWFpbC5jb20iLCJwYXNzd29yZCI6Il8oVjEjUmF3M1UiLCJpYXQiOjE3MDc0ODA3MzEsImV4cCI6MTcwNzQ4MTMzMX0.fpJcjnWwdKTbyxlvK_9qWKHqqcYSRQpYRXr42bM5BBI'}</msg>
<status status="PASS" starttime="20240209 12:12:11.202" endtime="20240209 12:12:11.202"/>
</kw>
<kw name="Dictionary Should Contain Item" library="Collections">
<arg>${LOGIN_ANWSER}</arg>
<arg>message</arg>
<arg>Login realizado com sucesso</arg>
<doc>An item of ``key`` / ``value`` must be found in a ``dictionary``.</doc>
<status status="PASS" starttime="20240209 12:12:11.202" endtime="20240209 12:12:11.202"/>
</kw>
<status status="PASS" starttime="20240209 12:12:11.202" endtime="20240209 12:12:11.202"/>
</kw>
<status status="PASS" starttime="20240209 12:12:10.666" endtime="20240209 12:12:11.202"/>
</test>
<status status="PASS" starttime="20240209 12:12:10.223" endtime="20240209 12:12:11.203"/>
</suite>
<statistics>
<total>
<stat pass="1" fail="0" skip="0">All Tests</stat>
</total>
<tag>
</tag>
<suite>
<stat pass="1" fail="0" skip="0" id="s1" name="Api Testing Users Tests">Api Testing Users Tests</stat>
</suite>
</statistics>
<errors>
</errors>
</robot>
